#
# There is insufficient memory for the Java Runtime Environment to continue.
# Native memory allocation (malloc) failed to allocate 1048576 bytes for AllocateHeap
# Possible reasons:
#   The system is out of physical RAM or swap space
#   In 32 bit mode, the process size limit was hit
# Possible solutions:
#   Reduce memory load on the system
#   Increase physical memory or swap space
#   Check if swap backing store is full
#   Use 64 bit Java on a 64 bit OS
#   Decrease Java heap size (-Xmx/-Xms)
#   Decrease number of Java threads
#   Decrease Java thread stack sizes (-Xss)
#   Set larger code cache with -XX:ReservedCodeCacheSize=
# This output file may be truncated or incomplete.
#
#  Out of Memory Error (memory/allocation.inline.hpp:61), pid=5672, tid=6208
#
# JRE version:  (8.0_60-b27) (build )
# Java VM: Java HotSpot(TM) 64-Bit Server VM (25.60-b23 mixed mode windows-amd64 compressed oops)
# Failed to write core dump. Minidumps are not enabled by default on client versions of Windows
#

---------------  T H R E A D  ---------------

Current thread (0x0000000000a6e800):  JavaThread "Unknown thread" [_thread_in_vm, id=6208, stack(0x00000000022b0000,0x00000000023b0000)]

Stack: [0x00000000022b0000,0x00000000023b0000]
[error occurred during error reporting (printing stack bounds), id 0xc0000005]

Native frames: (J=compiled Java code, j=interpreted, Vv=VM code, C=native code)


---------------  P R O C E S S  ---------------

Java Threads: ( => current thread )

Other Threads:

=>0x0000000000a6e800 (exited) JavaThread "Unknown thread" [_thread_in_vm, id=6208, stack(0x00000000022b0000,0x00000000023b0000)]

VM state:not at safepoint (normal execution)

VM Mutex/Monitor currently owned by a thread: None

Heap:
 PSYoungGen      total 18432K, used 317K [0x00000000eab00000, 0x00000000ebf80000, 0x0000000100000000)
  eden space 15872K, 2% used [0x00000000eab00000,0x00000000eab4f5d0,0x00000000eba80000)
  from space 2560K, 0% used [0x00000000ebd00000,0x00000000ebd00000,0x00000000ebf80000)
  to   space 2560K, 0% used [0x00000000eba80000,0x00000000eba80000,0x00000000ebd00000)
 ParOldGen       total 42496K, used 0K [0x00000000c0000000, 0x00000000c2980000, 0x00000000eab00000)
  object space 42496K, 0% used [0x00000000c0000000,0x00000000c0000000,0x00000000c2980000)
 Metaspace       used 767K, capacity 4480K, committed 4480K, reserved 1056768K
  class space    used 75K, capacity 384K, committed 384K, reserved 1048576K

Card table byte_map: [0x0000000011870000,0x0000000011a80000] byte_map_base: 0x0000000011270000

Marking Bits: (ParMarkBitMap*) 0x000000007207a5b0
 Begin Bits: [0x0000000011fe0000, 0x0000000012fe0000)
 End Bits:   [0x0000000012fe0000, 0x0000000013fe0000)

Polling page: 0x00000000009f0000

CodeCache: size=245760Kb used=328Kb max_used=328Kb free=245431Kb
 bounds [0x00000000024b0000, 0x0000000002720000, 0x00000000114b0000]
 total_blobs=57 nmethods=0 adapters=37
 compilation: enabled

Compilation events (0 events):
No events

GC Heap History (0 events):
No events

Deoptimization events (0 events):
No events

Internal exceptions (0 events):
No events

Events (10 events):
Event: 0.030 loading class java/lang/Short
Event: 0.030 loading class java/lang/Short done
Event: 0.030 loading class java/lang/Integer
Event: 0.030 loading class java/lang/Integer done
Event: 0.030 loading class java/lang/Long
Event: 0.030 loading class java/lang/Long done
Event: 0.031 loading class java/lang/NullPointerException
Event: 0.031 loading class java/lang/NullPointerException done
Event: 0.031 loading class java/lang/ArithmeticException
Event: 0.031 loading class java/lang/ArithmeticException done


Dynamic libraries:
0x00007ff6eb720000 - 0x00007ff6eb757000 	C:\Program Files\Java\jdk1.8.0_60\bin\java.exe
0x00007ffdd2e60000 - 0x00007ffdd300d000 	C:\WINDOWS\SYSTEM32\ntdll.dll
0x00007ffdd07f0000 - 0x00007ffdd092e000 	C:\WINDOWS\system32\KERNEL32.DLL
0x00007ffdd0240000 - 0x00007ffdd0355000 	C:\WINDOWS\system32\KERNELBASE.dll
0x00007ffdce9b0000 - 0x00007ffdcea3e000 	C:\WINDOWS\system32\apphelp.dll
0x00007ffdb9680000 - 0x00007ffdb96d3000 	C:\WINDOWS\AppPatch\AppPatch64\AcGenral.DLL
0x00007ffdd05f0000 - 0x00007ffdd069a000 	C:\WINDOWS\system32\msvcrt.dll
0x00007ffdd0360000 - 0x00007ffdd038e000 	C:\WINDOWS\system32\SspiCli.dll
0x00007ffdd20a0000 - 0x00007ffdd20f4000 	C:\WINDOWS\system32\SHLWAPI.dll
0x00007ffdd0930000 - 0x00007ffdd0aa7000 	C:\WINDOWS\system32\USER32.dll
0x00007ffdd25c0000 - 0x00007ffdd2754000 	C:\WINDOWS\system32\ole32.dll
0x00007ffdd0b70000 - 0x00007ffdd2099000 	C:\WINDOWS\system32\SHELL32.dll
0x00007ffdcf5b0000 - 0x00007ffdcf5d1000 	C:\WINDOWS\SYSTEM32\USERENV.dll
0x00007ffdd0530000 - 0x00007ffdd05da000 	C:\WINDOWS\system32\ADVAPI32.dll
0x00007ffdc72a0000 - 0x00007ffdc72be000 	C:\WINDOWS\SYSTEM32\MPR.dll
0x00007ffdd28c0000 - 0x00007ffdd2a00000 	C:\WINDOWS\system32\RPCRT4.dll
0x00007ffdd2330000 - 0x00007ffdd2389000 	C:\WINDOWS\SYSTEM32\sechost.dll
0x00007ffdd2110000 - 0x00007ffdd2321000 	C:\WINDOWS\SYSTEM32\combase.dll
0x00007ffdd06a0000 - 0x00007ffdd07ef000 	C:\WINDOWS\system32\GDI32.dll
0x00007ffdcff90000 - 0x00007ffdcffa5000 	C:\WINDOWS\SYSTEM32\profapi.dll
0x00007ffdce150000 - 0x00007ffdce202000 	C:\WINDOWS\SYSTEM32\SHCORE.dll
0x00007ffdd04f0000 - 0x00007ffdd0526000 	C:\WINDOWS\system32\IMM32.DLL
0x00007ffdd2760000 - 0x00007ffdd28b2000 	C:\WINDOWS\system32\MSCTF.dll
0x00007ffdcd830000 - 0x00007ffdcdaab000 	C:\WINDOWS\WinSxS\amd64_microsoft.windows.common-controls_6595b64144ccf1df_6.0.9600.18006_none_623f33d3ecbe86e8\COMCTL32.dll
0x0000000072f90000 - 0x0000000073062000 	C:\Program Files\Java\jdk1.8.0_60\jre\bin\msvcr100.dll
0x0000000071870000 - 0x00000000720f9000 	C:\Program Files\Java\jdk1.8.0_60\jre\bin\server\jvm.dll
0x00007ffdc8b70000 - 0x00007ffdc8b79000 	C:\WINDOWS\SYSTEM32\WSOCK32.dll
0x00007ffdc5e50000 - 0x00007ffdc5e72000 	C:\WINDOWS\SYSTEM32\WINMM.dll
0x00007ffdc94f0000 - 0x00007ffdc94fa000 	C:\WINDOWS\SYSTEM32\VERSION.dll
0x00007ffdd2a70000 - 0x00007ffdd2a77000 	C:\WINDOWS\system32\PSAPI.DLL
0x00007ffdd2560000 - 0x00007ffdd25ba000 	C:\WINDOWS\system32\WS2_32.dll
0x00007ffdc5e20000 - 0x00007ffdc5e4a000 	C:\WINDOWS\SYSTEM32\WINMMBASE.dll
0x00007ffdd05e0000 - 0x00007ffdd05e9000 	C:\WINDOWS\system32\NSI.dll
0x00007ffdd0390000 - 0x00007ffdd03df000 	C:\WINDOWS\SYSTEM32\cfgmgr32.dll
0x00007ffdcede0000 - 0x00007ffdcee08000 	C:\WINDOWS\SYSTEM32\DEVOBJ.dll
0x00000000740f0000 - 0x00000000740ff000 	C:\Program Files\Java\jdk1.8.0_60\jre\bin\verify.dll
0x0000000072f60000 - 0x0000000072f89000 	C:\Program Files\Java\jdk1.8.0_60\jre\bin\java.dll
0x0000000072f40000 - 0x0000000072f56000 	C:\Program Files\Java\jdk1.8.0_60\jre\bin\zip.dll

VM Arguments:
jvm_args: -Djava.awt.headless=true -Xmx1024M -Dfile.encoding=windows-1252 -Duser.country=NZ -Duser.language=en -Duser.variant 
java_command: com.android.dx.command.Main --dex --force-jumbo --num-threads=4 --multi-dex --output C:\Users\Elizabeth\Documents\LuggageTracker\app\build\intermediates\transforms\dex\debug\folders\1000\5\slice_2 C:\Users\Elizabeth\Documents\LuggageTracker\app\build\intermediates\transforms\instantRunSlicer\debug\folders\1\5\slice_2
java_class_path (initial): C:\Users\Elizabeth\AppData\Local\Android\sdk\build-tools\23.0.3\lib\dx.jar
Launcher Type: SUN_STANDARD

Environment Variables:
PATH=C:\Program Files (x86)\NVIDIA Corporation\PhysX\Common;C:\ProgramData\Oracle\Java\javapath;C:\PROGRA~1\PTC\MKSTOO~1\bin64;C:\PROGRA~1\PTC\MKSTOO~1\bin;C:\PROGRA~1\PTC\MKSTOO~1\bin\X11;C:\PROGRA~1\PTC\MKSTOO~1\mksnt;C:\Program Files (x86)\Intel\iCLS Client\;C:\Program Files\Intel\iCLS Client\;C:\WINDOWS\system32;C:\WINDOWS;C:\WINDOWS\System32\Wbem;C:\WINDOWS\System32\WindowsPowerShell\v1.0\;C:\Program Files (x86)\Intel\OpenCL SDK\2.0\bin\x86;C:\Program Files (x86)\Intel\OpenCL SDK\2.0\bin\x64;C:\Program Files\Intel\Intel(R) Management Engine Components\DAL;C:\Program Files\Intel\Intel(R) Management Engine Components\IPT;C:\Program Files (x86)\Intel\Intel(R) Management Engine Components\DAL;C:\Program Files (x86)\Intel\Intel(R) Management Engine Components\IPT;C:\Program Files (x86)\Java\bin;C:\Program Files (x86)\Common Files\Adobe\AGL;C:\Program Files (x86)\PharosSystems\Core;C:\Program Files (x86)\Windows Kits\8.1\Windows Performance Toolkit\;C:\Program Files\Microsoft SQL Server\110\Tools\Binn\;C:\Program Files (x86)\Windows Kits\8.0\Windows Performance Toolkit\;C:\Program Files\Microsoft SQL Server\120\Tools\Binn\;C:\Program Files (x86)\Brackets\command;C:\Program Files\Microsoft\Web Platform Installer\;C:\Program Files (x86)\Skype\Phone\;C:\Program Files\Microsoft SQL Server\130\Tools\Binn\;C:\Program Files\Git\cmd;C:\Program Files\Microsoft DNX\Dnvm\
USERNAME=Elizabeth
DISPLAY=:0.0
OS=Windows_NT
PROCESSOR_IDENTIFIER=Intel64 Family 6 Model 58 Stepping 9, GenuineIntel



---------------  S Y S T E M  ---------------

OS: Windows 8.1 , 64 bit Build 9600 (6.3.9600.17415)

CPU:total 4 (2 cores per cpu, 2 threads per core) family 6 model 58 stepping 9, cmov, cx8, fxsr, mmx, sse, sse2, sse3, ssse3, sse4.1, sse4.2, popcnt, avx, aes, clmul, erms, ht, tsc, tscinvbit, tscinv

Memory: 4k page, physical 4005144k(694280k free), swap 11564984k(46128k free)

vm_info: Java HotSpot(TM) 64-Bit Server VM (25.60-b23) for windows-amd64 JRE (1.8.0_60-b27), built on Aug  4 2015 11:06:27 by "java_re" with MS VC++ 10.0 (VS2010)

time: Wed Oct 05 15:28:17 2016
elapsed time: 2 seconds (0d 0h 0m 2s)

