#
# There is insufficient memory for the Java Runtime Environment to continue.
# Native memory allocation (malloc) failed to allocate 267696 bytes for Chunk::new
# Possible reasons:
#   The system is out of physical RAM or swap space
#   In 32 bit mode, the process size limit was hit
# Possible solutions:
#   Reduce memory load on the system
#   Increase physical memory or swap space
#   Check if swap backing store is full
#   Use 64 bit Java on a 64 bit OS
#   Decrease Java heap size (-Xmx/-Xms)
#   Decrease number of Java threads
#   Decrease Java thread stack sizes (-Xss)
#   Set larger code cache with -XX:ReservedCodeCacheSize=
# This output file may be truncated or incomplete.
#
#  Out of Memory Error (allocation.cpp:390), pid=884, tid=5676
#
# JRE version: Java(TM) SE Runtime Environment (8.0_60-b27) (build 1.8.0_60-b27)
# Java VM: Java HotSpot(TM) 64-Bit Server VM (25.60-b23 mixed mode windows-amd64 compressed oops)
# Failed to write core dump. Minidumps are not enabled by default on client versions of Windows
#

---------------  T H R E A D  ---------------

Current thread (0x0000000014b15800):  JavaThread "C2 CompilerThread1" daemon [_thread_in_native, id=5676, stack(0x0000000016240000,0x0000000016340000)]

Stack: [0x0000000016240000,0x0000000016340000]
[error occurred during error reporting (printing stack bounds), id 0xc0000005]

Native frames: (J=compiled Java code, j=interpreted, Vv=VM code, C=native code)


Current CompileTask:
C2:  17479 2400       4       com.android.dx.dex.file.CodeItem::addContents (174 bytes)


---------------  P R O C E S S  ---------------

Java Threads: ( => current thread )
  0x0000000017808000 JavaThread "pool-1-thread-1" [_thread_in_vm, id=2980, stack(0x0000000016a40000,0x0000000016b40000)]
  0x0000000016445000 JavaThread "Service Thread" daemon [_thread_blocked, id=2592, stack(0x0000000016840000,0x0000000016940000)]
  0x0000000014b16800 JavaThread "C1 CompilerThread2" daemon [_thread_blocked, id=5932, stack(0x0000000016340000,0x0000000016440000)]
=>0x0000000014b15800 JavaThread "C2 CompilerThread1" daemon [_thread_in_native, id=5676, stack(0x0000000016240000,0x0000000016340000)]
  0x0000000014b1b000 JavaThread "C2 CompilerThread0" daemon [_thread_in_native, id=2068, stack(0x0000000016140000,0x0000000016240000)]
  0x0000000014b19000 JavaThread "Attach Listener" daemon [_thread_blocked, id=7820, stack(0x0000000016040000,0x0000000016140000)]
  0x0000000014b17800 JavaThread "Signal Dispatcher" daemon [_thread_blocked, id=3868, stack(0x0000000015f40000,0x0000000016040000)]
  0x0000000002438800 JavaThread "Finalizer" daemon [_thread_blocked, id=5708, stack(0x0000000015d60000,0x0000000015e60000)]
  0x000000000242f000 JavaThread "Reference Handler" daemon [_thread_blocked, id=7952, stack(0x0000000015c60000,0x0000000015d60000)]
  0x000000000233e800 JavaThread "main" [_thread_blocked, id=6116, stack(0x00000000021e0000,0x00000000022e0000)]

Other Threads:
  0x0000000014ad9800 VMThread [stack: 0x0000000015b60000,0x0000000015c60000] [id=7512]
  0x0000000016448800 WatcherThread [stack: 0x0000000016940000,0x0000000016a40000] [id=6544]

VM state:not at safepoint (normal execution)

VM Mutex/Monitor currently owned by a thread: None

Heap:
 PSYoungGen      total 135168K, used 107769K [0x00000000eab00000, 0x00000000f4900000, 0x0000000100000000)
  eden space 120832K, 77% used [0x00000000eab00000,0x00000000f0644508,0x00000000f2100000)
  from space 14336K, 99% used [0x00000000f3300000,0x00000000f40fa028,0x00000000f4100000)
  to   space 18432K, 0% used [0x00000000f2100000,0x00000000f2100000,0x00000000f3300000)
 ParOldGen       total 42496K, used 23837K [0x00000000c0000000, 0x00000000c2980000, 0x00000000eab00000)
  object space 42496K, 56% used [0x00000000c0000000,0x00000000c1747758,0x00000000c2980000)
 Metaspace       used 6417K, capacity 7256K, committed 7424K, reserved 1056768K
  class space    used 617K, capacity 656K, committed 768K, reserved 1048576K

Card table byte_map: [0x0000000011800000,0x0000000011a10000] byte_map_base: 0x0000000011200000

Marking Bits: (ParMarkBitMap*) 0x000000007207a5b0
 Begin Bits: [0x0000000011f70000, 0x0000000012f70000)
 End Bits:   [0x0000000012f70000, 0x0000000013f70000)

Polling page: 0x0000000002140000

CodeCache: size=245760Kb used=9387Kb max_used=9387Kb free=236372Kb
 bounds [0x0000000002440000, 0x0000000002d80000, 0x0000000011440000]
 total_blobs=2421 nmethods=2157 adapters=176
 compilation: enabled

Compilation events (10 events):
Event: 17.399 Thread 0x0000000014b16800 nmethod 2409% 0x0000000002d5d010 code [0x0000000002d5d180, 0x0000000002d5d550]
Event: 17.399 Thread 0x0000000014b16800 2410       3       java.util.HashMap$HashIterator::<init> (79 bytes)
Event: 17.401 Thread 0x0000000014b16800 nmethod 2410 0x0000000002d6a550 code [0x0000000002d6a6c0, 0x0000000002d6aa50]
Event: 17.439 Thread 0x0000000014b1b000 2411       4       java.util.TreeMap::values (27 bytes)
Event: 17.444 Thread 0x0000000014b1b000 nmethod 2411 0x0000000002d5b550 code [0x0000000002d5b6a0, 0x0000000002d5b798]
Event: 17.454 Thread 0x0000000014b16800 2412       3       com.android.dx.rop.annotation.Annotation::compareTo (147 bytes)
Event: 17.460 Thread 0x0000000014b16800 nmethod 2412 0x0000000002d71150 code [0x0000000002d71480, 0x0000000002d730e8]
Event: 17.469 Thread 0x0000000014b16800 2413       3       com.android.dx.dex.file.AnnotationSetItem::compareTo0 (17 bytes)
Event: 17.470 Thread 0x0000000014b16800 nmethod 2413 0x0000000002d6d7d0 code [0x0000000002d6d940, 0x0000000002d6dc48]
Event: 17.470 Thread 0x0000000014b16800 2414       3       com.android.dx.rop.annotation.Annotations::compareTo (110 bytes)

GC Heap History (10 events):
Event: 3.063 GC heap before
{Heap before GC invocations=4 (full 0):
 PSYoungGen      total 18432K, used 18405K [0x00000000eab00000, 0x00000000ecf00000, 0x0000000100000000)
  eden space 15872K, 100% used [0x00000000eab00000,0x00000000eba80000,0x00000000eba80000)
  from space 2560K, 98% used [0x00000000eba80000,0x00000000ebcf9738,0x00000000ebd00000)
  to   space 2560K, 0% used [0x00000000ecc80000,0x00000000ecc80000,0x00000000ecf00000)
 ParOldGen       total 42496K, used 5240K [0x00000000c0000000, 0x00000000c2980000, 0x00000000eab00000)
  object space 42496K, 12% used [0x00000000c0000000,0x00000000c051e1e8,0x00000000c2980000)
 Metaspace       used 5968K, capacity 7024K, committed 7296K, reserved 1056768K
  class space    used 589K, capacity 616K, committed 640K, reserved 1048576K
Event: 3.118 GC heap after
Heap after GC invocations=4 (full 0):
 PSYoungGen      total 34304K, used 2546K [0x00000000eab00000, 0x00000000ecf00000, 0x0000000100000000)
  eden space 31744K, 0% used [0x00000000eab00000,0x00000000eab00000,0x00000000eca00000)
  from space 2560K, 99% used [0x00000000ecc80000,0x00000000ecefca50,0x00000000ecf00000)
  to   space 2560K, 0% used [0x00000000eca00000,0x00000000eca00000,0x00000000ecc80000)
 ParOldGen       total 42496K, used 7936K [0x00000000c0000000, 0x00000000c2980000, 0x00000000eab00000)
  object space 42496K, 18% used [0x00000000c0000000,0x00000000c07c0288,0x00000000c2980000)
 Metaspace       used 5968K, capacity 7024K, committed 7296K, reserved 1056768K
  class space    used 589K, capacity 616K, committed 640K, reserved 1048576K
}
Event: 3.908 GC heap before
{Heap before GC invocations=5 (full 0):
 PSYoungGen      total 34304K, used 34290K [0x00000000eab00000, 0x00000000ecf00000, 0x0000000100000000)
  eden space 31744K, 100% used [0x00000000eab00000,0x00000000eca00000,0x00000000eca00000)
  from space 2560K, 99% used [0x00000000ecc80000,0x00000000ecefca50,0x00000000ecf00000)
  to   space 2560K, 0% used [0x00000000eca00000,0x00000000eca00000,0x00000000ecc80000)
 ParOldGen       total 42496K, used 7936K [0x00000000c0000000, 0x00000000c2980000, 0x00000000eab00000)
  object space 42496K, 18% used [0x00000000c0000000,0x00000000c07c0288,0x00000000c2980000)
 Metaspace       used 6076K, capacity 7088K, committed 7296K, reserved 1056768K
  class space    used 589K, capacity 616K, committed 640K, reserved 1048576K
Event: 3.964 GC heap after
Heap after GC invocations=5 (full 0):
 PSYoungGen      total 34304K, used 2532K [0x00000000eab00000, 0x00000000ef900000, 0x0000000100000000)
  eden space 31744K, 0% used [0x00000000eab00000,0x00000000eab00000,0x00000000eca00000)
  from space 2560K, 98% used [0x00000000eca00000,0x00000000ecc79038,0x00000000ecc80000)
  to   space 8192K, 0% used [0x00000000ef100000,0x00000000ef100000,0x00000000ef900000)
 ParOldGen       total 42496K, used 12532K [0x00000000c0000000, 0x00000000c2980000, 0x00000000eab00000)
  object space 42496K, 29% used [0x00000000c0000000,0x00000000c0c3d070,0x00000000c2980000)
 Metaspace       used 6076K, capacity 7088K, committed 7296K, reserved 1056768K
  class space    used 589K, capacity 616K, committed 640K, reserved 1048576K
}
Event: 4.249 GC heap before
{Heap before GC invocations=6 (full 0):
 PSYoungGen      total 34304K, used 34276K [0x00000000eab00000, 0x00000000ef900000, 0x0000000100000000)
  eden space 31744K, 100% used [0x00000000eab00000,0x00000000eca00000,0x00000000eca00000)
  from space 2560K, 98% used [0x00000000eca00000,0x00000000ecc79038,0x00000000ecc80000)
  to   space 8192K, 0% used [0x00000000ef100000,0x00000000ef100000,0x00000000ef900000)
 ParOldGen       total 42496K, used 12532K [0x00000000c0000000, 0x00000000c2980000, 0x00000000eab00000)
  object space 42496K, 29% used [0x00000000c0000000,0x00000000c0c3d070,0x00000000c2980000)
 Metaspace       used 6127K, capacity 7152K, committed 7296K, reserved 1056768K
  class space    used 589K, capacity 616K, committed 640K, reserved 1048576K
Event: 4.365 GC heap after
Heap after GC invocations=6 (full 0):
 PSYoungGen      total 70656K, used 8048K [0x00000000eab00000, 0x00000000efb00000, 0x0000000100000000)
  eden space 62464K, 0% used [0x00000000eab00000,0x00000000eab00000,0x00000000ee800000)
  from space 8192K, 98% used [0x00000000ef100000,0x00000000ef8dc2b8,0x00000000ef900000)
  to   space 9216K, 0% used [0x00000000ee800000,0x00000000ee800000,0x00000000ef100000)
 ParOldGen       total 42496K, used 12540K [0x00000000c0000000, 0x00000000c2980000, 0x00000000eab00000)
  object space 42496K, 29% used [0x00000000c0000000,0x00000000c0c3f070,0x00000000c2980000)
 Metaspace       used 6127K, capacity 7152K, committed 7296K, reserved 1056768K
  class space    used 589K, capacity 616K, committed 640K, reserved 1048576K
}
Event: 6.539 GC heap before
{Heap before GC invocations=7 (full 0):
 PSYoungGen      total 70656K, used 70512K [0x00000000eab00000, 0x00000000efb00000, 0x0000000100000000)
  eden space 62464K, 100% used [0x00000000eab00000,0x00000000ee800000,0x00000000ee800000)
  from space 8192K, 98% used [0x00000000ef100000,0x00000000ef8dc2b8,0x00000000ef900000)
  to   space 9216K, 0% used [0x00000000ee800000,0x00000000ee800000,0x00000000ef100000)
 ParOldGen       total 42496K, used 12540K [0x00000000c0000000, 0x00000000c2980000, 0x00000000eab00000)
  object space 42496K, 29% used [0x00000000c0000000,0x00000000c0c3f070,0x00000000c2980000)
 Metaspace       used 6241K, capacity 7160K, committed 7296K, reserved 1056768K
  class space    used 610K, capacity 624K, committed 640K, reserved 1048576K
Event: 6.965 GC heap after
Heap after GC invocations=7 (full 0):
 PSYoungGen      total 71680K, used 9204K [0x00000000eab00000, 0x00000000f4100000, 0x0000000100000000)
  eden space 62464K, 0% used [0x00000000eab00000,0x00000000eab00000,0x00000000ee800000)
  from space 9216K, 99% used [0x00000000ee800000,0x00000000ef0fd3e8,0x00000000ef100000)
  to   space 14336K, 0% used [0x00000000f3300000,0x00000000f3300000,0x00000000f4100000)
 ParOldGen       total 42496K, used 19465K [0x00000000c0000000, 0x00000000c2980000, 0x00000000eab00000)
  object space 42496K, 45% used [0x00000000c0000000,0x00000000c13026a0,0x00000000c2980000)
 Metaspace       used 6241K, capacity 7160K, committed 7296K, reserved 1056768K
  class space    used 610K, capacity 624K, committed 640K, reserved 1048576K
}
Event: 9.781 GC heap before
{Heap before GC invocations=8 (full 0):
 PSYoungGen      total 71680K, used 71668K [0x00000000eab00000, 0x00000000f4100000, 0x0000000100000000)
  eden space 62464K, 100% used [0x00000000eab00000,0x00000000ee800000,0x00000000ee800000)
  from space 9216K, 99% used [0x00000000ee800000,0x00000000ef0fd3e8,0x00000000ef100000)
  to   space 14336K, 0% used [0x00000000f3300000,0x00000000f3300000,0x00000000f4100000)
 ParOldGen       total 42496K, used 19465K [0x00000000c0000000, 0x00000000c2980000, 0x00000000eab00000)
  object space 42496K, 45% used [0x00000000c0000000,0x00000000c13026a0,0x00000000c2980000)
 Metaspace       used 6300K, capacity 7160K, committed 7296K, reserved 1056768K
  class space    used 611K, capacity 624K, committed 640K, reserved 1048576K
Event: 10.142 GC heap after
Heap after GC invocations=8 (full 0):
 PSYoungGen      total 135168K, used 14312K [0x00000000eab00000, 0x00000000f4900000, 0x0000000100000000)
  eden space 120832K, 0% used [0x00000000eab00000,0x00000000eab00000,0x00000000f2100000)
  from space 14336K, 99% used [0x00000000f3300000,0x00000000f40fa028,0x00000000f4100000)
  to   space 18432K, 0% used [0x00000000f2100000,0x00000000f2100000,0x00000000f3300000)
 ParOldGen       total 42496K, used 23837K [0x00000000c0000000, 0x00000000c2980000, 0x00000000eab00000)
  object space 42496K, 56% used [0x00000000c0000000,0x00000000c1747758,0x00000000c2980000)
 Metaspace       used 6300K, capacity 7160K, committed 7296K, reserved 1056768K
  class space    used 611K, capacity 624K, committed 640K, reserved 1048576K
}

Deoptimization events (10 events):
Event: 12.579 Thread 0x000000001671d000 Uncommon trap: reason=bimorphic action=maybe_recompile pc=0x0000000002b86e14 method=com.android.dx.cf.code.BytecodeArray.parseInstruction(ILcom/android/dx/cf/code/BytecodeArray$Visitor;)I @ 1287
Event: 16.527 Thread 0x0000000017808000 Uncommon trap: reason=class_check action=maybe_recompile pc=0x0000000002934158 method=java.util.Arrays.hashCode([Ljava/lang/Object;)I @ 43
Event: 16.527 Thread 0x0000000017808000 Uncommon trap: reason=class_check action=maybe_recompile pc=0x0000000002934158 method=java.util.Arrays.hashCode([Ljava/lang/Object;)I @ 43
Event: 16.527 Thread 0x0000000017808000 Uncommon trap: reason=class_check action=maybe_recompile pc=0x0000000002934158 method=java.util.Arrays.hashCode([Ljava/lang/Object;)I @ 43
Event: 16.527 Thread 0x0000000017808000 Uncommon trap: reason=class_check action=maybe_recompile pc=0x0000000002934158 method=java.util.Arrays.hashCode([Ljava/lang/Object;)I @ 43
Event: 16.529 Thread 0x0000000017808000 Uncommon trap: reason=class_check action=maybe_recompile pc=0x0000000002934eb8 method=java.util.Arrays.hashCode([Ljava/lang/Object;)I @ 43
Event: 16.593 Thread 0x0000000017808000 Uncommon trap: reason=unstable_if action=reinterpret pc=0x0000000002d2b948 method=java.util.HashMap.putVal(ILjava/lang/Object;Ljava/lang/Object;ZZ)Ljava/lang/Object; @ 206
Event: 16.640 Thread 0x0000000017808000 Uncommon trap: reason=unstable_if action=reinterpret pc=0x0000000002d4bec8 method=java.util.HashMap.putVal(ILjava/lang/Object;Ljava/lang/Object;ZZ)Ljava/lang/Object; @ 206
Event: 16.825 Thread 0x0000000017808000 Uncommon trap: reason=unstable_if action=reinterpret pc=0x0000000002d583fc method=com.android.dx.dex.code.OutputFinisher.addConstants(Ljava/util/HashSet;Lcom/android/dx/rop/code/RegisterSpec;)V @ 57
Event: 17.081 Thread 0x0000000017808000 Uncommon trap: reason=unstable_if action=reinterpret pc=0x0000000002d5e3e8 method=java.util.HashMap.putVal(ILjava/lang/Object;Ljava/lang/Object;ZZ)Ljava/lang/Object; @ 109

Internal exceptions (5 events):
Event: 0.146 Thread 0x000000000233e800 Exception <a 'java/lang/NoSuchMethodError': Method sun.misc.Unsafe.defineClass(Ljava/lang/String;[BII)Ljava/lang/Class; name or signature does not match> (0x00000000eab0dc48) thrown at [C:\re\workspace\8-2-build-windows-amd64-cygwin\jdk8u60\4407\hotspot\sr»ùÅ◊
Ω¬?
Event: 0.146 Thread 0x000000000233e800 Exception <a 'java/lang/NoSuchMethodError': Method sun.misc.Unsafe.prefetchRead(Ljava/lang/Object;J)V name or signature does not match> (0x00000000eab0df30) thrown at [C:\re\workspace\8-2-build-windows-amd64-cygwin\jdk8u60\4407\hotspot\src\share\vm\prims\jçc¶õí§@
Event: 6.411 Thread 0x0000000016721800 Exception <a 'java/lang/ArrayIndexOutOfBoundsException': 18> (0x00000000ee388800) thrown at [C:\re\workspace\8-2-build-windows-amd64-cygwin\jdk8u60\4407\hotspot\src\share\vm\interpreter\interpreterRuntime.cpp, line 366]
Event: 6.412 Thread 0x0000000016721800 Exception <a 'java/lang/ArrayIndexOutOfBoundsException'> (0x00000000ee38a380) thrown at [C:\re\workspace\8-2-build-windows-amd64-cygwin\jdk8u60\4407\hotspot\src\share\vm\runtime\sharedRuntime.cpp, line 605]
Event: 6.414 Thread 0x0000000016721800 Exception <a 'java/lang/ArrayIndexOutOfBoundsException'> (0x00000000ee38b668) thrown at [C:\re\workspace\8-2-build-windows-amd64-cygwin\jdk8u60\4407\hotspot\src\share\vm\runtime\sharedRuntime.cpp, line 605]

Events (10 events):
Event: 16.825 Thread 0x0000000017808000 Uncommon trap: trap_request=0xffffff65 fr.pc=0x0000000002d583fc
Event: 16.825 Thread 0x0000000017808000 DEOPT PACKING pc=0x0000000002d583fc sp=0x0000000016b3eb90
Event: 16.825 Thread 0x0000000017808000 DEOPT UNPACKING pc=0x000000000248582a sp=0x0000000016b3eaf0 mode 2
Event: 17.049 Thread 0x0000000017808000 DEOPT PACKING pc=0x0000000002d424a1 sp=0x0000000016b3ec20
Event: 17.049 Thread 0x0000000017808000 DEOPT UNPACKING pc=0x000000000248787f sp=0x0000000016b3e9b0 mode 0
Event: 17.081 Thread 0x0000000017808000 Uncommon trap: trap_request=0xffffff65 fr.pc=0x0000000002d5e3e8
Event: 17.081 Thread 0x0000000017808000 DEOPT PACKING pc=0x0000000002d5e3e8 sp=0x0000000016b3ec30
Event: 17.081 Thread 0x0000000017808000 DEOPT UNPACKING pc=0x000000000248582a sp=0x0000000016b3ea60 mode 2
Event: 17.403 Thread 0x0000000017808000 DEOPT PACKING pc=0x00000000029a84c5 sp=0x0000000016b3ec20
Event: 17.403 Thread 0x0000000017808000 DEOPT UNPACKING pc=0x000000000248787f sp=0x0000000016b3e950 mode 0


Dynamic libraries:
0x00007ff6eb720000 - 0x00007ff6eb757000 	C:\Program Files\Java\jdk1.8.0_60\bin\java.exe
0x00007ffdd2e60000 - 0x00007ffdd300d000 	C:\WINDOWS\SYSTEM32\ntdll.dll
0x00007ffdd07f0000 - 0x00007ffdd092e000 	C:\WINDOWS\system32\KERNEL32.DLL
0x00007ffdd0240000 - 0x00007ffdd0355000 	C:\WINDOWS\system32\KERNELBASE.dll
0x00007ffdce9b0000 - 0x00007ffdcea3e000 	C:\WINDOWS\system32\apphelp.dll
0x00007ffdb9680000 - 0x00007ffdb96d3000 	C:\WINDOWS\AppPatch\AppPatch64\AcGenral.DLL
0x00007ffdd05f0000 - 0x00007ffdd069a000 	C:\WINDOWS\system32\msvcrt.dll
0x00007ffdd0360000 - 0x00007ffdd038e000 	C:\WINDOWS\system32\SspiCli.dll
0x00007ffdd20a0000 - 0x00007ffdd20f4000 	C:\WINDOWS\system32\SHLWAPI.dll
0x00007ffdd0930000 - 0x00007ffdd0aa7000 	C:\WINDOWS\system32\USER32.dll
0x00007ffdd25c0000 - 0x00007ffdd2754000 	C:\WINDOWS\system32\ole32.dll
0x00007ffdd0b70000 - 0x00007ffdd2099000 	C:\WINDOWS\system32\SHELL32.dll
0x00007ffdcf5b0000 - 0x00007ffdcf5d1000 	C:\WINDOWS\SYSTEM32\USERENV.dll
0x00007ffdd0530000 - 0x00007ffdd05da000 	C:\WINDOWS\system32\ADVAPI32.dll
0x00007ffdc72a0000 - 0x00007ffdc72be000 	C:\WINDOWS\SYSTEM32\MPR.dll
0x00007ffdd28c0000 - 0x00007ffdd2a00000 	C:\WINDOWS\system32\RPCRT4.dll
0x00007ffdd2330000 - 0x00007ffdd2389000 	C:\WINDOWS\SYSTEM32\sechost.dll
0x00007ffdd2110000 - 0x00007ffdd2321000 	C:\WINDOWS\SYSTEM32\combase.dll
0x00007ffdd06a0000 - 0x00007ffdd07ef000 	C:\WINDOWS\system32\GDI32.dll
0x00007ffdcff90000 - 0x00007ffdcffa5000 	C:\WINDOWS\SYSTEM32\profapi.dll
0x00007ffdce150000 - 0x00007ffdce202000 	C:\WINDOWS\SYSTEM32\SHCORE.dll
0x00007ffdd04f0000 - 0x00007ffdd0526000 	C:\WINDOWS\system32\IMM32.DLL
0x00007ffdd2760000 - 0x00007ffdd28b2000 	C:\WINDOWS\system32\MSCTF.dll
0x00007ffdcd830000 - 0x00007ffdcdaab000 	C:\WINDOWS\WinSxS\amd64_microsoft.windows.common-controls_6595b64144ccf1df_6.0.9600.18006_none_623f33d3ecbe86e8\COMCTL32.dll
0x0000000072f90000 - 0x0000000073062000 	C:\Program Files\Java\jdk1.8.0_60\jre\bin\msvcr100.dll
0x0000000071870000 - 0x00000000720f9000 	C:\Program Files\Java\jdk1.8.0_60\jre\bin\server\jvm.dll
0x00007ffdc8b70000 - 0x00007ffdc8b79000 	C:\WINDOWS\SYSTEM32\WSOCK32.dll
0x00007ffdc5e50000 - 0x00007ffdc5e72000 	C:\WINDOWS\SYSTEM32\WINMM.dll
0x00007ffdc94f0000 - 0x00007ffdc94fa000 	C:\WINDOWS\SYSTEM32\VERSION.dll
0x00007ffdd2a70000 - 0x00007ffdd2a77000 	C:\WINDOWS\system32\PSAPI.DLL
0x00007ffdd2560000 - 0x00007ffdd25ba000 	C:\WINDOWS\system32\WS2_32.dll
0x00007ffdc5e20000 - 0x00007ffdc5e4a000 	C:\WINDOWS\SYSTEM32\WINMMBASE.dll
0x00007ffdd05e0000 - 0x00007ffdd05e9000 	C:\WINDOWS\system32\NSI.dll
0x00007ffdd0390000 - 0x00007ffdd03df000 	C:\WINDOWS\SYSTEM32\cfgmgr32.dll
0x00007ffdcede0000 - 0x00007ffdcee08000 	C:\WINDOWS\SYSTEM32\DEVOBJ.dll
0x00000000740f0000 - 0x00000000740ff000 	C:\Program Files\Java\jdk1.8.0_60\jre\bin\verify.dll
0x0000000072f60000 - 0x0000000072f89000 	C:\Program Files\Java\jdk1.8.0_60\jre\bin\java.dll
0x0000000072f40000 - 0x0000000072f56000 	C:\Program Files\Java\jdk1.8.0_60\jre\bin\zip.dll

VM Arguments:
jvm_args: -Djava.awt.headless=true -Xmx1024M -Dfile.encoding=windows-1252 -Duser.country=NZ -Duser.language=en -Duser.variant 
java_command: com.android.dx.command.Main --dex --force-jumbo --num-threads=4 --multi-dex --output C:\Users\Elizabeth\Documents\LuggageTracker\app\build\intermediates\transforms\dex\debug\folders\1000\10\com.android.support-appcompat-v7-24.2.1_161086675cf5cea5a6f18587c5826f5dffd3c8c5 C:\Users\Elizabeth\Documents\LuggageTracker\app\build\intermediates\exploded-aar\com.android.support\appcompat-v7\24.2.1\jars\classes.jar
java_class_path (initial): C:\Users\Elizabeth\AppData\Local\Android\sdk\build-tools\23.0.3\lib\dx.jar
Launcher Type: SUN_STANDARD

Environment Variables:
PATH=C:\Program Files (x86)\NVIDIA Corporation\PhysX\Common;C:\ProgramData\Oracle\Java\javapath;C:\PROGRA~1\PTC\MKSTOO~1\bin64;C:\PROGRA~1\PTC\MKSTOO~1\bin;C:\PROGRA~1\PTC\MKSTOO~1\bin\X11;C:\PROGRA~1\PTC\MKSTOO~1\mksnt;C:\Program Files (x86)\Intel\iCLS Client\;C:\Program Files\Intel\iCLS Client\;C:\WINDOWS\system32;C:\WINDOWS;C:\WINDOWS\System32\Wbem;C:\WINDOWS\System32\WindowsPowerShell\v1.0\;C:\Program Files (x86)\Intel\OpenCL SDK\2.0\bin\x86;C:\Program Files (x86)\Intel\OpenCL SDK\2.0\bin\x64;C:\Program Files\Intel\Intel(R) Management Engine Components\DAL;C:\Program Files\Intel\Intel(R) Management Engine Components\IPT;C:\Program Files (x86)\Intel\Intel(R) Management Engine Components\DAL;C:\Program Files (x86)\Intel\Intel(R) Management Engine Components\IPT;C:\Program Files (x86)\Java\bin;C:\Program Files (x86)\Common Files\Adobe\AGL;C:\Program Files (x86)\PharosSystems\Core;C:\Program Files (x86)\Windows Kits\8.1\Windows Performance Toolkit\;C:\Program Files\Microsoft SQL Server\110\Tools\Binn\;C:\Program Files (x86)\Windows Kits\8.0\Windows Performance Toolkit\;C:\Program Files\Microsoft SQL Server\120\Tools\Binn\;C:\Program Files (x86)\Brackets\command;C:\Program Files\Microsoft\Web Platform Installer\;C:\Program Files (x86)\Skype\Phone\;C:\Program Files\Microsoft SQL Server\130\Tools\Binn\;C:\Program Files\Git\cmd;C:\Program Files\Microsoft DNX\Dnvm\
USERNAME=Elizabeth
DISPLAY=:0.0
OS=Windows_NT
PROCESSOR_IDENTIFIER=Intel64 Family 6 Model 58 Stepping 9, GenuineIntel



---------------  S Y S T E M  ---------------

OS: Windows 8.1 , 64 bit Build 9600 (6.3.9600.17415)

CPU:total 4 (2 cores per cpu, 2 threads per core) family 6 model 58 stepping 9, cmov, cx8, fxsr, mmx, sse, sse2, sse3, ssse3, sse4.1, sse4.2, popcnt, avx, aes, clmul, erms, ht, tsc, tscinvbit, tscinv

Memory: 4k page, physical 4005144k(888916k free), swap 11643468k(5308k free)

vm_info: Java HotSpot(TM) 64-Bit Server VM (25.60-b23) for windows-amd64 JRE (1.8.0_60-b27), built on Aug  4 2015 11:06:27 by "java_re" with MS VC++ 10.0 (VS2010)

time: Wed Oct 05 15:31:56 2016
elapsed time: 17 seconds (0d 0h 0m 17s)

